<?xml version="1.0" encoding="UTF-8"?>
<testsuite xmlns:xsi="http://www.w3.org/2001/XMLSchema-instance" xsi:noNamespaceSchemaLocation="https://maven.apache.org/surefire/maven-surefire-plugin/xsd/surefire-test-report-3.0.xsd" version="3.0" name="com.mycompany.smartmealplanner.InputValidationTest" time="0.015" tests="23" errors="0" skipped="0" failures="0">
  <properties>
[...]
</properties>
  <testcase name="testReadDoublePositiveZeroThenValid" classname="com.mycompany.smartmealplanner.InputValidationTest" time="0.001">
    <system-out><![CDATA[Enter value: Please enter a positive number.
Enter value: ]]></system-out>
  </testcase>
  <testcase name="testReadLineEmpty" classname="com.mycompany.smartmealplanner.InputValidationTest" time="0.001">
    <system-out><![CDATA[Enter value: ]]></system-out>
  </testcase>
  <testcase name="testReadIntInRangeAboveThenValid" classname="com.mycompany.smartmealplanner.InputValidationTest" time="0.002">
    <system-out><![CDATA[Enter days (3-5): Please enter a number between 3 and 5.
Enter days (3-5): ]]></system-out>
  </testcase>
  <testcase name="testReadDoubleInRangeBoundaries" classname="com.mycompany.smartmealplanner.InputValidationTest" time="0.001">
    <system-out><![CDATA[Enter value: Enter value: ]]></system-out>
  </testcase>
  <testcase name="testReadGenderMale" classname="com.mycompany.smartmealplanner.InputValidationTest" time="0.0">
    <system-out><![CDATA[Gender (M/F): ]]></system-out>
  </testcase>
  <testcase name="testReadGenderLowercase" classname="com.mycompany.smartmealplanner.InputValidationTest" time="0.001">
    <system-out><![CDATA[Gender (M/F): ]]></system-out>
  </testcase>
  <testcase name="testReadLineSimple" classname="com.mycompany.smartmealplanner.InputValidationTest" time="0.0">
    <system-out><![CDATA[Enter username: ]]></system-out>
  </testcase>
  <testcase name="testReadDoublePositiveNegativeThenValid" classname="com.mycompany.smartmealplanner.InputValidationTest" time="0.0">
    <system-out><![CDATA[Enter value: Please enter a positive number.
Enter value: ]]></system-out>
  </testcase>
  <testcase name="testReadDoubleInRangeInvalidThenValid" classname="com.mycompany.smartmealplanner.InputValidationTest" time="0.0">
    <system-out><![CDATA[Enter calories: Invalid input. Please enter a number.
Enter calories: ]]></system-out>
  </testcase>
  <testcase name="testReadDoubleInRangePrecise" classname="com.mycompany.smartmealplanner.InputValidationTest" time="0.0">
    <system-out><![CDATA[Enter calories: ]]></system-out>
  </testcase>
  <testcase name="testReadIntInRangeLargeNumber" classname="com.mycompany.smartmealplanner.InputValidationTest" time="0.001">
    <system-out><![CDATA[Enter value: ]]></system-out>
  </testcase>
  <testcase name="testReadIntInRangeLowerBoundary" classname="com.mycompany.smartmealplanner.InputValidationTest" time="0.001">
    <system-out><![CDATA[Enter value: ]]></system-out>
  </testcase>
  <testcase name="testReadGenderFemale" classname="com.mycompany.smartmealplanner.InputValidationTest" time="0.001">
    <system-out><![CDATA[Gender (M/F): ]]></system-out>
  </testcase>
  <testcase name="testReadGenderInvalidThenValid" classname="com.mycompany.smartmealplanner.InputValidationTest" time="0.0">
    <system-out><![CDATA[Gender (M/F): Please enter M for male or F for female.
Gender (M/F): ]]></system-out>
  </testcase>
  <testcase name="testReadDoubleInRangeValid" classname="com.mycompany.smartmealplanner.InputValidationTest" time="0.001">
    <system-out><![CDATA[Enter calories (1200-4000): ]]></system-out>
  </testcase>
  <testcase name="testReadIntInRangeBelowThenValid" classname="com.mycompany.smartmealplanner.InputValidationTest" time="0.0">
    <system-out><![CDATA[Enter days (3-5): Please enter a number between 3 and 5.
Enter days (3-5): ]]></system-out>
  </testcase>
  <testcase name="testReadDoublePositiveValid" classname="com.mycompany.smartmealplanner.InputValidationTest" time="0.0">
    <system-out><![CDATA[Enter protein: ]]></system-out>
  </testcase>
  <testcase name="testReadIntInRangeValid" classname="com.mycompany.smartmealplanner.InputValidationTest" time="0.001">
    <system-out><![CDATA[Enter days (3-5): ]]></system-out>
  </testcase>
  <testcase name="testReadGenderMultipleCharsThenValid" classname="com.mycompany.smartmealplanner.InputValidationTest" time="0.0">
    <system-out><![CDATA[Gender (M/F): Please enter M for male or F for female.
Gender (M/F): ]]></system-out>
  </testcase>
  <testcase name="testReadLineWithSpaces" classname="com.mycompany.smartmealplanner.InputValidationTest" time="0.0">
    <system-out><![CDATA[Enter text: ]]></system-out>
  </testcase>
  <testcase name="testReadDoubleInRangeBelowThenValid" classname="com.mycompany.smartmealplanner.InputValidationTest" time="0.001">
    <system-out><![CDATA[Enter calories (1200-4000): Please enter a value between 1200 and 4000.
Enter calories (1200-4000): ]]></system-out>
  </testcase>
  <testcase name="testReadIntInRangeUpperBoundary" classname="com.mycompany.smartmealplanner.InputValidationTest" time="0.0">
    <system-out><![CDATA[Enter value: ]]></system-out>
  </testcase>
  <testcase name="testReadIntInRangeDecimalThenValid" classname="com.mycompany.smartmealplanner.InputValidationTest" time="0.0">
    <system-out><![CDATA[Enter days: Please enter a whole number.
Enter days: ]]></system-out>
  </testcase>
</testsuite>